<?xml version="1.0" encoding="UTF-8"?>
<!-- Generated by org.testng.reporters.JUnitReportReporter -->
<testsuite hostname="Nithyas-MacBook-Pro.local" name="com.browserstack.SingleTest" tests="1" failures="0" timestamp="19 Nov 2019 13:31:49 GMT" time="66.609" errors="0">
  <testcase name="test" time="66.609" classname="com.browserstack.SingleTest"/>
</testsuite> <!-- com.browserstack.SingleTest -->
